c:\users\drozimovschii\documents\visual studio 2017\projects\cryptolib\cryptolib\debug\cryptolib.pch
c:\users\drozimovschii\documents\visual studio 2017\projects\cryptolib\cryptolib\debug\vc141.pdb
c:\users\drozimovschii\documents\visual studio 2017\projects\cryptolib\cryptolib\debug\vc141.idb
c:\users\drozimovschii\documents\visual studio 2017\projects\cryptolib\cryptolib\debug\stdafx.obj
c:\users\drozimovschii\documents\visual studio 2017\projects\cryptolib\cryptolib\debug\bigint.obj
c:\users\drozimovschii\documents\visual studio 2017\projects\cryptolib\cryptolib\debug\cryptolib.obj
c:\users\drozimovschii\documents\visual studio 2017\projects\cryptolib\cryptolib\debug\des.obj
c:\users\drozimovschii\documents\visual studio 2017\projects\cryptolib\cryptolib\debug\md5.obj
c:\users\drozimovschii\documents\visual studio 2017\projects\cryptolib\cryptolib\debug\primitives.obj
c:\users\drozimovschii\documents\visual studio 2017\projects\cryptolib\cryptolib\debug\rot.obj
c:\users\drozimovschii\documents\visual studio 2017\projects\cryptolib\cryptolib\debug\sha1.obj
c:\users\drozimovschii\documents\visual studio 2017\projects\cryptolib\cryptolib\debug\sha256.obj
c:\users\drozimovschii\documents\visual studio 2017\projects\cryptolib\debug\cryptolib.lib
c:\users\drozimovschii\documents\visual studio 2017\projects\cryptolib\debug\cryptolib.exp
c:\users\drozimovschii\documents\visual studio 2017\projects\cryptolib\debug\cryptolib.dll
c:\users\drozimovschii\documents\visual studio 2017\projects\cryptolib\debug\cryptolib.ilk
c:\users\drozimovschii\documents\visual studio 2017\projects\cryptolib\debug\cryptolib.pdb
c:\users\drozimovschii\documents\visual studio 2017\projects\cryptolib\cryptolib\debug\cryptolib.tlog\cl.command.1.tlog
c:\users\drozimovschii\documents\visual studio 2017\projects\cryptolib\cryptolib\debug\cryptolib.tlog\cl.read.1.tlog
c:\users\drozimovschii\documents\visual studio 2017\projects\cryptolib\cryptolib\debug\cryptolib.tlog\cl.write.1.tlog
c:\users\drozimovschii\documents\visual studio 2017\projects\cryptolib\cryptolib\debug\cryptolib.tlog\cryptolib.write.1u.tlog
c:\users\drozimovschii\documents\visual studio 2017\projects\cryptolib\cryptolib\debug\cryptolib.tlog\link.command.1.tlog
c:\users\drozimovschii\documents\visual studio 2017\projects\cryptolib\cryptolib\debug\cryptolib.tlog\link.read.1.tlog
c:\users\drozimovschii\documents\visual studio 2017\projects\cryptolib\cryptolib\debug\cryptolib.tlog\link.write.1.tlog
